<?xml version="1.0" encoding="utf-8" standalone="no"?>
<!--This file represents the results of running a test suite-->
<test-results name="C:\Users\akshay madhu\Documents\GitHub\QA_NunitTest\CircleModify\CircleModify\bin\Debug\CircleModify.exe" total="1" errors="0" failures="0" not-run="0" inconclusive="0" ignored="0" skipped="0" invalid="0" date="2017-05-30" time="19:51:05">
  <environment nunit-version="2.6.4.14350" clr-version="2.0.50727.8784" os-version="Microsoft Windows NT 6.2.9200.0" platform="Win32NT" cwd="C:\Program Files (x86)\NUnit 2.6.4\bin" machine-name="AKSHAYPC" user="anonymous" user-domain="AKSHAYPC" />
  <culture-info current-culture="en-US" current-uiculture="en-US" />
  <test-suite type="Assembly" name="C:\Users\akshay madhu\Documents\GitHub\QA_NunitTest\CircleModify\CircleModify\bin\Debug\CircleModify.exe" executed="True" result="Success" success="True" time="0.047" asserts="0">
    <results>
      <test-suite type="Namespace" name="CircleModify" executed="True" result="Success" success="True" time="0.037" asserts="0">
        <results>
          <test-suite type="TestFixture" name="CircleTest" executed="True" result="Success" success="True" time="0.036" asserts="0">
            <results>
              <test-case name="CircleModify.CircleTest.AddToRadiusTest" executed="True" result="Success" success="True" time="0.028" asserts="1" />
            </results>
          </test-suite>
        </results>
      </test-suite>
    </results>
  </test-suite>
</test-results>