<?xml version="1.0" encoding="utf-8" standalone="no"?>
<!--This file represents the results of running a test suite-->
<test-results name="C:\Users\akshay madhu\Documents\GitHub\QA_NunitTest\CircleModify\CircleModify_Test\bin\Debug\CircleModify_Test.exe" total="9" errors="0" failures="0" not-run="0" inconclusive="0" ignored="0" skipped="0" invalid="0" date="2017-06-01" time="10:58:41">
  <environment nunit-version="2.6.4.14350" clr-version="2.0.50727.8784" os-version="Microsoft Windows NT 6.2.9200.0" platform="Win32NT" cwd="C:\Program Files (x86)\NUnit 2.6.4\bin" machine-name="AKSHAYPC" user="anonymous" user-domain="AKSHAYPC" />
  <culture-info current-culture="en-US" current-uiculture="en-US" />
  <test-suite type="Assembly" name="C:\Users\akshay madhu\Documents\GitHub\QA_NunitTest\CircleModify\CircleModify_Test\bin\Debug\CircleModify_Test.exe" executed="True" result="Success" success="True" time="0.095" asserts="0">
    <results>
      <test-suite type="Namespace" name="CircleModify_Test" executed="True" result="Success" success="True" time="0.086" asserts="0">
        <results>
          <test-suite type="TestFixture" name="CircleTest" executed="True" result="Success" success="True" time="0.085" asserts="0">
            <results>
              <test-case name="CircleModify_Test.CircleTest.AddToRadius_withnegetiveradiusTest" executed="True" result="Success" success="True" time="0.033" asserts="1" />
              <test-case name="CircleModify_Test.CircleTest.AddToRadius_withPositiveradius" executed="True" result="Success" success="True" time="0.000" asserts="1" />
              <test-case name="CircleModify_Test.CircleTest.Constructortest" executed="True" result="Success" success="True" time="0.000" asserts="1" />
              <test-case name="CircleModify_Test.CircleTest.GetAreaTest_negetiveradius" executed="True" result="Success" success="True" time="0.000" asserts="1" />
              <test-case name="CircleModify_Test.CircleTest.GetAreaTest_positiveradius" executed="True" result="Success" success="True" time="0.000" asserts="1" />
              <test-case name="CircleModify_Test.CircleTest.GetCircumference_negetiveradius" executed="True" result="Success" success="True" time="0.000" asserts="1" />
              <test-case name="CircleModify_Test.CircleTest.GetCircumference_postiveradius" executed="True" result="Success" success="True" time="0.000" asserts="1" />
              <test-case name="CircleModify_Test.CircleTest.SubtractFromRadius_withnegetiveradius" executed="True" result="Success" success="True" time="0.000" asserts="1" />
              <test-case name="CircleModify_Test.CircleTest.SubtractFromRadius_withPositiveradius" executed="True" result="Success" success="True" time="0.000" asserts="1" />
            </results>
          </test-suite>
        </results>
      </test-suite>
    </results>
  </test-suite>
</test-results>